Time resolution is 1 ps
top_tb.u_acc_top.u_acc_ram.ram_byte[0].sram_2k  INFORMATION
***************************************
The Model is Operating in TIMING MODE
Please make sure that SDF is properly annotated otherwise dummy values will be used
                 All Messages are Switched ON
***************************************
Configurable Fault Functionality is OFF
***************************************
top_tb.u_acc_top.u_acc_ram.ram_byte[1].sram_2k  INFORMATION
***************************************
The Model is Operating in TIMING MODE
Please make sure that SDF is properly annotated otherwise dummy values will be used
                 All Messages are Switched ON
***************************************
Configurable Fault Functionality is OFF
***************************************
top_tb.u_acc_top.u_acc_ram.ram_byte[2].sram_2k  INFORMATION
***************************************
The Model is Operating in TIMING MODE
Please make sure that SDF is properly annotated otherwise dummy values will be used
                 All Messages are Switched ON
***************************************
Configurable Fault Functionality is OFF
***************************************
top_tb.u_acc_top.u_acc_ram.ram_byte[3].sram_2k  INFORMATION
***************************************
The Model is Operating in TIMING MODE
Please make sure that SDF is properly annotated otherwise dummy values will be used
                 All Messages are Switched ON
***************************************
Configurable Fault Functionality is OFF
***************************************
Simulation started
APB WRITE successful: Addr=0x00001fff, Data=0x00000001
APB WRITE successful: Addr=0x00000001, Data=0x5f768ca3
APB WRITE successful: Addr=0x00000001, Data=0x8a93af2a
APB WRITE successful: Addr=0x00000001, Data=0x0000008a
A matrix loaded successfully.
APB WRITE successful: Addr=0x00000002, Data=0x15aa4631
APB WRITE successful: Addr=0x00000002, Data=0x7bb4b5a1
APB WRITE successful: Addr=0x00000002, Data=0x97eb5106
APB WRITE successful: Addr=0x00000002, Data=0x603a4ae8
APB WRITE successful: Addr=0x00000002, Data=0x2bf65e27
APB WRITE successful: Addr=0x00000002, Data=0x08d710bd
APB WRITE successful: Addr=0x00000002, Data=0xda6c299e
APB WRITE successful: Addr=0x00000002, Data=0xabca9a56
APB WRITE successful: Addr=0x00000002, Data=0x4538747d
APB WRITE successful: Addr=0x00000002, Data=0x3b3acdf3
APB WRITE successful: Addr=0x00000002, Data=0x9fd3d153
APB WRITE successful: Addr=0x00000002, Data=0x4972d0a9
APB WRITE successful: Addr=0x00000002, Data=0x15b94106
APB WRITE successful: Addr=0x00000002, Data=0x8bc738ff
APB WRITE successful: Addr=0x00000002, Data=0x19a14367
APB WRITE successful: Addr=0x00000002, Data=0x1170a2f8
APB WRITE successful: Addr=0x00000002, Data=0xfb40e8b8
APB WRITE successful: Addr=0x00000002, Data=0x88cb3a98
APB WRITE successful: Addr=0x00000002, Data=0x9d3e2d6d
APB WRITE successful: Addr=0x00000002, Data=0x7e21f6d7
APB WRITE successful: Addr=0x00000002, Data=0xca2d5f25
APB WRITE successful: Addr=0x00000002, Data=0x65a7bbf2
APB WRITE successful: Addr=0x00000002, Data=0x7938d5e6
APB WRITE successful: Addr=0x00000002, Data=0x8274206a
APB WRITE successful: Addr=0x00000002, Data=0x649d7daa
APB WRITE successful: Addr=0x00000002, Data=0xb38191c6
APB WRITE successful: Addr=0x00000002, Data=0xa4b2a4ce
APB WRITE successful: Addr=0x00000002, Data=0x9f9f8ea9
APB WRITE successful: Addr=0x00000002, Data=0xa2b50902
APB WRITE successful: Addr=0x00000002, Data=0xb12af74d
APB WRITE successful: Addr=0x00000002, Data=0xee1697b9
APB WRITE successful: Addr=0x00000002, Data=0x26f562a7
APB WRITE successful: Addr=0x00000002, Data=0xe524bcaa
APB WRITE successful: Addr=0x00000002, Data=0xa9b0c43d
APB WRITE successful: Addr=0x00000002, Data=0xfd4537cb
APB WRITE successful: Addr=0x00000002, Data=0x57125fbe
APB WRITE successful: Addr=0x00000002, Data=0x17330841
APB WRITE successful: Addr=0x00000002, Data=0xb252ee2a
APB WRITE successful: Addr=0x00000002, Data=0xe2806e77
APB WRITE successful: Addr=0x00000002, Data=0x0b7e43b0
APB WRITE successful: Addr=0x00000002, Data=0x1e2ec1d8
APB WRITE successful: Addr=0x00000002, Data=0x60ebba3a
APB WRITE successful: Addr=0x00000002, Data=0x84b605b7
APB WRITE successful: Addr=0x00000002, Data=0xb67b7254
APB WRITE successful: Addr=0x00000002, Data=0x0fb7f144
APB WRITE successful: Addr=0x00000002, Data=0xbaa04410
APB WRITE successful: Addr=0x00000002, Data=0x94bbf3a9
APB WRITE successful: Addr=0x00000002, Data=0xa9a450ac
APB WRITE successful: Addr=0x00000002, Data=0x7b30f3be
APB WRITE successful: Addr=0x00000002, Data=0xa42138b1
APB WRITE successful: Addr=0x00000002, Data=0xf865e096
APB WRITE successful: Addr=0x00000002, Data=0x33a432e3
APB WRITE successful: Addr=0x00000002, Data=0xb51a8856
APB WRITE successful: Addr=0x00000002, Data=0x3614a93a
APB WRITE successful: Addr=0x00000002, Data=0x338ead9c
APB WRITE successful: Addr=0x00000002, Data=0x5e65913e
APB WRITE successful: Addr=0x00000002, Data=0x5cef3010
APB WRITE successful: Addr=0x00000002, Data=0xbcd4ea08
APB WRITE successful: Addr=0x00000002, Data=0xad30ba3b
APB WRITE successful: Addr=0x00000002, Data=0x0da8e9e5
APB WRITE successful: Addr=0x00000002, Data=0x3e2919d4
APB WRITE successful: Addr=0x00000002, Data=0x5d3bb665
APB WRITE successful: Addr=0x00000002, Data=0xd9be62ab
APB WRITE successful: Addr=0x00000002, Data=0x9a0e3ac8
APB WRITE successful: Addr=0x00000002, Data=0xc7e72ab5
APB WRITE successful: Addr=0x00000002, Data=0x64cf347e
APB WRITE successful: Addr=0x00000002, Data=0xcba1369d
APB WRITE successful: Addr=0x00000002, Data=0xa1539e54
APB WRITE successful: Addr=0x00000002, Data=0x0c45f8bd
APB WRITE successful: Addr=0x00000002, Data=0xeb77c22e
APB WRITE successful: Addr=0x00000002, Data=0x32ba1c38
APB WRITE successful: Addr=0x00000002, Data=0x0299a605
APB WRITE successful: Addr=0x00000002, Data=0x29e8457e
APB WRITE successful: Addr=0x00000002, Data=0x3350eb82
APB WRITE successful: Addr=0x00000002, Data=0x4e869428
APB WRITE successful: Addr=0x00000002, Data=0x4a37aea3
APB WRITE successful: Addr=0x00000002, Data=0x87f932fc
APB WRITE successful: Addr=0x00000002, Data=0x6d5acb76
APB WRITE successful: Addr=0x00000002, Data=0x1884bc43
APB WRITE successful: Addr=0x00000002, Data=0x6df7b6f3
APB WRITE successful: Addr=0x00000002, Data=0x270964be
APB WRITE successful: Addr=0x00000002, Data=0x532af438
APB WRITE successful: Addr=0x00000002, Data=0x9db96860
APB WRITE successful: Addr=0x00000002, Data=0x76f0f26a
APB WRITE successful: Addr=0x00000002, Data=0xd1727907
APB WRITE successful: Addr=0x00000002, Data=0x48ebd149
APB WRITE successful: Addr=0x00000002, Data=0xdfc8fe1c
APB WRITE successful: Addr=0x00000002, Data=0x80a0f08c
APB WRITE successful: Addr=0x00000002, Data=0x7ef72fc4
APB WRITE successful: Addr=0x00000002, Data=0x2fb4d26f
APB WRITE successful: Addr=0x00000002, Data=0xfff86071
APB WRITE successful: Addr=0x00000002, Data=0x20531cd2
APB WRITE successful: Addr=0x00000002, Data=0xdd91c784
APB WRITE successful: Addr=0x00000002, Data=0x04f73587
APB WRITE successful: Addr=0x00000002, Data=0x9e3193df
APB WRITE successful: Addr=0x00000002, Data=0xb3c51169
APB WRITE successful: Addr=0x00000002, Data=0x61fb501f
APB WRITE successful: Addr=0x00000002, Data=0xb72b7c20
APB WRITE successful: Addr=0x00000002, Data=0x321af37a
APB WRITE successful: Addr=0x00000002, Data=0x2c76d62c
APB WRITE successful: Addr=0x00000002, Data=0xdb60a780
APB WRITE successful: Addr=0x00000002, Data=0x954b5f2c
APB WRITE successful: Addr=0x00000002, Data=0xbd574058
APB WRITE successful: Addr=0x00000002, Data=0x10a9ae1e
APB WRITE successful: Addr=0x00000002, Data=0xfeb5fd04
APB WRITE successful: Addr=0x00000002, Data=0xe1a4bcd2
APB WRITE successful: Addr=0x00000002, Data=0x172afbc3
APB WRITE successful: Addr=0x00000002, Data=0x51f24289
APB WRITE successful: Addr=0x00000002, Data=0x8fe6731f
APB WRITE successful: Addr=0x00000002, Data=0x3a959470
APB WRITE successful: Addr=0x00000002, Data=0x91021d97
APB WRITE successful: Addr=0x00000002, Data=0x316d9bb4
APB WRITE successful: Addr=0x00000002, Data=0x34b785fd
APB WRITE successful: Addr=0x00000002, Data=0x9ab6fad9
APB WRITE successful: Addr=0x00000002, Data=0xc017a04b
APB WRITE successful: Addr=0x00000002, Data=0x3846affe
APB WRITE successful: Addr=0x00000002, Data=0x958c8cd9
APB WRITE successful: Addr=0x00000002, Data=0x1b55b5a0
APB WRITE successful: Addr=0x00000002, Data=0x0a53667d
APB WRITE successful: Addr=0x00000002, Data=0x5872bdeb
APB WRITE successful: Addr=0x00000002, Data=0x256c00d9
APB WRITE successful: Addr=0x00000002, Data=0xd5315d01
APB WRITE successful: Addr=0x00000002, Data=0x8913f38e
APB WRITE successful: Addr=0x00000002, Data=0x53537063
APB WRITE successful: Addr=0x00000002, Data=0xb64715d2
APB WRITE successful: Addr=0x00000002, Data=0x4f76d614
APB WRITE successful: Addr=0x00000002, Data=0xcb4fb70a
APB WRITE successful: Addr=0x00000002, Data=0xdd1b9ce2
APB WRITE successful: Addr=0x00000002, Data=0x4d084a4e
APB WRITE successful: Addr=0x00000002, Data=0xdf463b14
APB WRITE successful: Addr=0x00000002, Data=0x82c54044
APB WRITE successful: Addr=0x00000002, Data=0x2d6add1b
APB WRITE successful: Addr=0x00000002, Data=0x778dff5b
APB WRITE successful: Addr=0x00000002, Data=0x9f93fbe1
APB WRITE successful: Addr=0x00000002, Data=0x0bb77669
APB WRITE successful: Addr=0x00000002, Data=0x5a6d2061
APB WRITE successful: Addr=0x00000002, Data=0xad59ca8a
APB WRITE successful: Addr=0x00000002, Data=0x5544c4ce
APB WRITE successful: Addr=0x00000002, Data=0xcc1b80e6
APB WRITE successful: Addr=0x00000002, Data=0x5711dd0f
APB WRITE successful: Addr=0x00000002, Data=0x61361c96
APB WRITE successful: Addr=0x00000002, Data=0xddc20071
APB WRITE successful: Addr=0x00000002, Data=0x150e106f
APB WRITE successful: Addr=0x00000002, Data=0x49dff2b0
APB WRITE successful: Addr=0x00000002, Data=0x5780a6e5
APB WRITE successful: Addr=0x00000002, Data=0xf02437bc
APB WRITE successful: Addr=0x00000002, Data=0x21e1c099
APB WRITE successful: Addr=0x00000002, Data=0xd02f6717
APB WRITE successful: Addr=0x00000002, Data=0xc533adee
APB WRITE successful: Addr=0x00000002, Data=0xc08ea844
APB WRITE successful: Addr=0x00000002, Data=0x15fb76de
APB WRITE successful: Addr=0x00000002, Data=0x0c09ec33
APB WRITE successful: Addr=0x00000002, Data=0xb71c7e02
APB WRITE successful: Addr=0x00000002, Data=0x1d36da8e
APB WRITE successful: Addr=0x00000002, Data=0x9fc51d5c
APB WRITE successful: Addr=0x00000002, Data=0xb19e864f
APB WRITE successful: Addr=0x00000002, Data=0x37a276f4
APB WRITE successful: Addr=0x00000002, Data=0x3458a4fe
APB WRITE successful: Addr=0x00000002, Data=0x705968b8
APB WRITE successful: Addr=0x00000002, Data=0x1ab727de
APB WRITE successful: Addr=0x00000002, Data=0x7313247d
APB WRITE successful: Addr=0x00000002, Data=0x3166bc19
APB WRITE successful: Addr=0x00000002, Data=0x29bb27aa
APB WRITE successful: Addr=0x00000002, Data=0xc9e2694e
APB WRITE successful: Addr=0x00000002, Data=0x40c569bc
APB WRITE successful: Addr=0x00000002, Data=0x18708701
APB WRITE successful: Addr=0x00000002, Data=0xfb412f63
APB WRITE successful: Addr=0x00000002, Data=0x4ee80593
APB WRITE successful: Addr=0x00000002, Data=0x98a99b9b
APB WRITE successful: Addr=0x00000002, Data=0x888794c0
APB WRITE successful: Addr=0x00000002, Data=0x45b1ed6d
APB WRITE successful: Addr=0x00000002, Data=0x5af28ca5
APB WRITE successful: Addr=0x00000002, Data=0xde25b42c
APB WRITE successful: Addr=0x00000002, Data=0xcc4c3cf0
APB WRITE successful: Addr=0x00000002, Data=0x0df7b736
APB WRITE successful: Addr=0x00000002, Data=0xba71ae6b
APB WRITE successful: Addr=0x00000002, Data=0x66055257
APB WRITE successful: Addr=0x00000002, Data=0xe57fafa3
APB WRITE successful: Addr=0x00000002, Data=0x12b7ffda
APB WRITE successful: Addr=0x00000002, Data=0x17006352
APB WRITE successful: Addr=0x00000002, Data=0xfde3896d
APB WRITE successful: Addr=0x00000002, Data=0xdd8f5d49
APB WRITE successful: Addr=0x00000002, Data=0xcd38ee86
APB WRITE successful: Addr=0x00000002, Data=0x5ecbf28a
APB WRITE successful: Addr=0x00000002, Data=0x743ea86b
APB WRITE successful: Addr=0x00000002, Data=0x99122e65
APB WRITE successful: Addr=0x00000002, Data=0x5cc8af50
APB WRITE successful: Addr=0x00000002, Data=0xd4cf38b6
APB WRITE successful: Addr=0x00000002, Data=0xc8aaa1f6
APB WRITE successful: Addr=0x00000002, Data=0x1030643a
APB WRITE successful: Addr=0x00000002, Data=0x320b50ef
APB WRITE successful: Addr=0x00000002, Data=0x76eb195a
APB WRITE successful: Addr=0x00000002, Data=0x97511a72
APB WRITE successful: Addr=0x00000002, Data=0x51693776
APB WRITE successful: Addr=0x00000002, Data=0xa54adc19
APB WRITE successful: Addr=0x00000002, Data=0xf900a7f3
X matrix loaded successfully.
APB WRITE successful: Addr=0x00001fff, Data=0x00000000
APB WRITE successful: Addr=0x00001fff, Data=0x00000001
APB WRITE successful: Addr=0x00000001, Data=0x4479e8dd
APB WRITE successful: Addr=0x00000001, Data=0x0cc10954
APB WRITE successful: Addr=0x00000001, Data=0x00000074
A matrix loaded successfully.
APB WRITE successful: Addr=0x00000002, Data=0x6996cbb5
APB WRITE successful: Addr=0x00000002, Data=0xe0fe35ff
APB WRITE successful: Addr=0x00000002, Data=0x62c48172
APB WRITE successful: Addr=0x00000002, Data=0x3940c260
APB WRITE successful: Addr=0x00000002, Data=0x927228d9
APB WRITE successful: Addr=0x00000002, Data=0xdbbd78a7
APB WRITE successful: Addr=0x00000002, Data=0xa82b728a
APB WRITE successful: Addr=0x00000002, Data=0xd8f6b3c6
APB WRITE successful: Addr=0x00000002, Data=0x4ca35f7d
APB WRITE successful: Addr=0x00000002, Data=0x544bf7a7
APB WRITE successful: Addr=0x00000002, Data=0x5fc9717c
APB WRITE successful: Addr=0x00000002, Data=0x1de3c816
APB WRITE successful: Addr=0x00000002, Data=0xe189367c
APB WRITE successful: Addr=0x00000002, Data=0x4158bad8
APB WRITE successful: Addr=0x00000002, Data=0xd2eaf48c
APB WRITE successful: Addr=0x00000002, Data=0xd9e219b7
APB WRITE successful: Addr=0x00000002, Data=0xb13c4773
APB WRITE successful: Addr=0x00000002, Data=0x7fc0ca53
APB WRITE successful: Addr=0x00000002, Data=0x39e0a53f
APB WRITE successful: Addr=0x00000002, Data=0xdd2019f1
APB WRITE successful: Addr=0x00000002, Data=0x18b2e5e7
APB WRITE successful: Addr=0x00000002, Data=0xf09f4058
APB WRITE successful: Addr=0x00000002, Data=0x30a7a554
APB WRITE successful: Addr=0x00000002, Data=0x07794cea
APB WRITE successful: Addr=0x00000002, Data=0x98c3c2e2
APB WRITE successful: Addr=0x00000002, Data=0x516e740b
APB WRITE successful: Addr=0x00000002, Data=0xfe7a9826
APB WRITE successful: Addr=0x00000002, Data=0x42bf0af2
APB WRITE successful: Addr=0x00000002, Data=0x461f5fbc
APB WRITE successful: Addr=0x00000002, Data=0x8342f09c
APB WRITE successful: Addr=0x00000002, Data=0xff92e436
APB WRITE successful: Addr=0x00000002, Data=0x58b59f04
APB WRITE successful: Addr=0x00000002, Data=0x5dee266d
APB WRITE successful: Addr=0x00000002, Data=0xd4a1fdb3
APB WRITE successful: Addr=0x00000002, Data=0x5394fe5d
APB WRITE successful: Addr=0x00000002, Data=0xc0b9ba45
APB WRITE successful: Addr=0x00000002, Data=0xe2d3deb1
APB WRITE successful: Addr=0x00000002, Data=0xf1778feb
APB WRITE successful: Addr=0x00000002, Data=0x6f194bc5
APB WRITE successful: Addr=0x00000002, Data=0x896b3c5a
APB WRITE successful: Addr=0x00000002, Data=0xe3266f74
APB WRITE successful: Addr=0x00000002, Data=0x2a4e159c
APB WRITE successful: Addr=0x00000002, Data=0xbaf22d10
APB WRITE successful: Addr=0x00000002, Data=0x36fa2b91
APB WRITE successful: Addr=0x00000002, Data=0x82d08f51
APB WRITE successful: Addr=0x00000002, Data=0x2f74dac9
APB WRITE successful: Addr=0x00000002, Data=0xc69973aa
APB WRITE successful: Addr=0x00000002, Data=0x251bf85f
APB WRITE successful: Addr=0x00000002, Data=0x646c74ad
APB WRITE successful: Addr=0x00000002, Data=0x5ee832cc
APB WRITE successful: Addr=0x00000002, Data=0x6dec0e89
APB WRITE successful: Addr=0x00000002, Data=0x3a8451ad
APB WRITE successful: Addr=0x00000002, Data=0x13a8d82c
APB WRITE successful: Addr=0x00000002, Data=0x776ec6a2
APB WRITE successful: Addr=0x00000002, Data=0x9f1324e1
APB WRITE successful: Addr=0x00000002, Data=0x40904846
APB WRITE successful: Addr=0x00000002, Data=0x58e44566
APB WRITE successful: Addr=0x00000002, Data=0x24660e1d
APB WRITE successful: Addr=0x00000002, Data=0x965acc18
APB WRITE successful: Addr=0x00000002, Data=0xa09ee645
APB WRITE successful: Addr=0x00000002, Data=0xd46e39d5
APB WRITE successful: Addr=0x00000002, Data=0xa8484363
APB WRITE successful: Addr=0x00000002, Data=0x9693f96f
APB WRITE successful: Addr=0x00000002, Data=0x5483f379
APB WRITE successful: Addr=0x00000002, Data=0xf1e0bc87
APB WRITE successful: Addr=0x00000002, Data=0xf11b350e
APB WRITE successful: Addr=0x00000002, Data=0x3c2d4dd0
APB WRITE successful: Addr=0x00000002, Data=0xabdb1b65
APB WRITE successful: Addr=0x00000002, Data=0x3c36fa5c
APB WRITE successful: Addr=0x00000002, Data=0x8d20f68d
APB WRITE successful: Addr=0x00000002, Data=0xcf6857bd
APB WRITE successful: Addr=0x00000002, Data=0x8ba0edb2
APB WRITE successful: Addr=0x00000002, Data=0x4a21a630
APB WRITE successful: Addr=0x00000002, Data=0xf5f57e1e
APB WRITE successful: Addr=0x00000002, Data=0x3c6abf96
APB WRITE successful: Addr=0x00000002, Data=0xc1f13cd8
APB WRITE successful: Addr=0x00000002, Data=0x8ccc7765
APB WRITE successful: Addr=0x00000002, Data=0x4d58dc19
APB WRITE successful: Addr=0x00000002, Data=0xfdacac06
APB WRITE successful: Addr=0x00000002, Data=0x7a1b9b3d
APB WRITE successful: Addr=0x00000002, Data=0xed5906d1
APB WRITE successful: Addr=0x00000002, Data=0x181ea00c
APB WRITE successful: Addr=0x00000002, Data=0xbc59fcd5
APB WRITE successful: Addr=0x00000002, Data=0x572ce419
APB WRITE successful: Addr=0x00000002, Data=0x733530cc
APB WRITE successful: Addr=0x00000002, Data=0x313c236f
APB WRITE successful: Addr=0x00000002, Data=0x02472874
APB WRITE successful: Addr=0x00000002, Data=0x0c720ac1
APB WRITE successful: Addr=0x00000002, Data=0xfef7fe77
APB WRITE successful: Addr=0x00000002, Data=0xaf00fdb1
APB WRITE successful: Addr=0x00000002, Data=0x38fd14e0
APB WRITE successful: Addr=0x00000002, Data=0x1111df9a
APB WRITE successful: Addr=0x00000002, Data=0xc90c55f6
APB WRITE successful: Addr=0x00000002, Data=0x38d66634
APB WRITE successful: Addr=0x00000002, Data=0x7fffa2b4
APB WRITE successful: Addr=0x00000002, Data=0x32cf97ef
APB WRITE successful: Addr=0x00000002, Data=0xfb287f55
APB WRITE successful: Addr=0x00000002, Data=0x16ecb31b
APB WRITE successful: Addr=0x00000002, Data=0x51c6f9a7
APB WRITE successful: Addr=0x00000002, Data=0x3f3de037
APB WRITE successful: Addr=0x00000002, Data=0x282b7f5f
APB WRITE successful: Addr=0x00000002, Data=0xac116c91
APB WRITE successful: Addr=0x00000002, Data=0x46b1d16c
APB WRITE successful: Addr=0x00000002, Data=0xcee7d689
APB WRITE successful: Addr=0x00000002, Data=0x7ea53592
APB WRITE successful: Addr=0x00000002, Data=0x5040d079
APB WRITE successful: Addr=0x00000002, Data=0x2957820b
APB WRITE successful: Addr=0x00000002, Data=0x6cff1140
APB WRITE successful: Addr=0x00000002, Data=0x3e8dea55
APB WRITE successful: Addr=0x00000002, Data=0xc3f667ab
APB WRITE successful: Addr=0x00000002, Data=0x9a8cc56e
APB WRITE successful: Addr=0x00000002, Data=0x8a74f62a
APB WRITE successful: Addr=0x00000002, Data=0x9aa8d7bf
APB WRITE successful: Addr=0x00000002, Data=0x922e268b
APB WRITE successful: Addr=0x00000002, Data=0xdbddaed2
APB WRITE successful: Addr=0x00000002, Data=0xb9d3fae4
APB WRITE successful: Addr=0x00000002, Data=0xb51a8927
APB WRITE successful: Addr=0x00000002, Data=0x8f152f76
APB WRITE successful: Addr=0x00000002, Data=0xb7ab9f9e
APB WRITE successful: Addr=0x00000002, Data=0xc3077052
APB WRITE successful: Addr=0x00000002, Data=0x77b2461c
APB WRITE successful: Addr=0x00000002, Data=0x2e8bd268
APB WRITE successful: Addr=0x00000002, Data=0x54ef904b
APB WRITE successful: Addr=0x00000002, Data=0x00103e95
APB WRITE successful: Addr=0x00000002, Data=0xcfb620eb
APB WRITE successful: Addr=0x00000002, Data=0x04ac775f
APB WRITE successful: Addr=0x00000002, Data=0x27bfdd0a
APB WRITE successful: Addr=0x00000002, Data=0x5d4d7e52
APB WRITE successful: Addr=0x00000002, Data=0x2a63db99
APB WRITE successful: Addr=0x00000002, Data=0xc4b55a06
APB WRITE successful: Addr=0x00000002, Data=0x6339d01d
APB WRITE successful: Addr=0x00000002, Data=0x5fc94d2a
APB WRITE successful: Addr=0x00000002, Data=0x24c1dbde
APB WRITE successful: Addr=0x00000002, Data=0xa1daa77d
APB WRITE successful: Addr=0x00000002, Data=0xa64bfba4
APB WRITE successful: Addr=0x00000002, Data=0xd3378997
APB WRITE successful: Addr=0x00000002, Data=0xefacb46a
APB WRITE successful: Addr=0x00000002, Data=0x1d5025cf
APB WRITE successful: Addr=0x00000002, Data=0x854284da
APB WRITE successful: Addr=0x00000002, Data=0x5478728a
APB WRITE successful: Addr=0x00000002, Data=0x682cc071
APB WRITE successful: Addr=0x00000002, Data=0xdaa190cc
APB WRITE successful: Addr=0x00000002, Data=0x8c95f567
APB WRITE successful: Addr=0x00000002, Data=0x8026ef54
APB WRITE successful: Addr=0x00000002, Data=0xe6741683
APB WRITE successful: Addr=0x00000002, Data=0xa7f0954c
APB WRITE successful: Addr=0x00000002, Data=0xcb315009
APB WRITE successful: Addr=0x00000002, Data=0x78c3dfbf
APB WRITE successful: Addr=0x00000002, Data=0x976b189d
APB WRITE successful: Addr=0x00000002, Data=0x12f74ac9
APB WRITE successful: Addr=0x00000002, Data=0x25d59446
APB WRITE successful: Addr=0x00000002, Data=0x0d7420b1
APB WRITE successful: Addr=0x00000002, Data=0x66640a3e
APB WRITE successful: Addr=0x00000002, Data=0x90c57af0
APB WRITE successful: Addr=0x00000002, Data=0x8915a42a
APB WRITE successful: Addr=0x00000002, Data=0x659ed13d
APB WRITE successful: Addr=0x00000002, Data=0x6cb5a493
APB WRITE successful: Addr=0x00000002, Data=0x2a0ee743
APB WRITE successful: Addr=0x00000002, Data=0xc48eb519
APB WRITE successful: Addr=0x00000002, Data=0x56a0075e
APB WRITE successful: Addr=0x00000002, Data=0x80e90758
APB WRITE successful: Addr=0x00000002, Data=0xd5d5652d
APB WRITE successful: Addr=0x00000002, Data=0x72917341
APB WRITE successful: Addr=0x00000002, Data=0x62f0c0dc
APB WRITE successful: Addr=0x00000002, Data=0x6164429a
APB WRITE successful: Addr=0x00000002, Data=0x22d489b0
APB WRITE successful: Addr=0x00000002, Data=0xbc22ecf8
APB WRITE successful: Addr=0x00000002, Data=0x45b73645
APB WRITE successful: Addr=0x00000002, Data=0x580165b3
APB WRITE successful: Addr=0x00000002, Data=0x0b0f898f
APB WRITE successful: Addr=0x00000002, Data=0x0175153b
APB WRITE successful: Addr=0x00000002, Data=0x56608524
APB WRITE successful: Addr=0x00000002, Data=0x4f79c13c
APB WRITE successful: Addr=0x00000002, Data=0xb3610c82
APB WRITE successful: Addr=0x00000002, Data=0xa2fb6411
APB WRITE successful: Addr=0x00000002, Data=0x2947178c
APB WRITE successful: Addr=0x00000002, Data=0x911a311e
APB WRITE successful: Addr=0x00000002, Data=0xa32170bc
APB WRITE successful: Addr=0x00000002, Data=0x9ac9eeb9
APB WRITE successful: Addr=0x00000002, Data=0x4cc56cc9
APB WRITE successful: Addr=0x00000002, Data=0x574f3a6e
APB WRITE successful: Addr=0x00000002, Data=0xed8c336f
APB WRITE successful: Addr=0x00000002, Data=0x00cc1205
APB WRITE successful: Addr=0x00000002, Data=0x86c11def
APB WRITE successful: Addr=0x00000002, Data=0x6efdac86
APB WRITE successful: Addr=0x00000002, Data=0xfbf65bfb
APB WRITE successful: Addr=0x00000002, Data=0x9d4a4e0e
APB WRITE successful: Addr=0x00000002, Data=0x1bc75aac
APB WRITE successful: Addr=0x00000002, Data=0xf570153a
APB WRITE successful: Addr=0x00000002, Data=0x093e95c0
APB WRITE successful: Addr=0x00000002, Data=0x02e15b24
APB WRITE successful: Addr=0x00000002, Data=0xbfaea2e1
APB WRITE successful: Addr=0x00000002, Data=0x0438482a
APB WRITE successful: Addr=0x00000002, Data=0xa2b5a369
APB WRITE successful: Addr=0x00000002, Data=0x81f53a52
APB WRITE successful: Addr=0x00000002, Data=0x05125a3e
X matrix loaded successfully.
Error: result_data[          2] =   62946, PRDATA[          2] =   76890
Error: result_data[          3] =   96834, PRDATA[          3] =  107556
Error: result_data[          4] =   98259, PRDATA[          4] =  110737
Error: result_data[          5] =   76337, PRDATA[          5] =  117326
Error: result_data[          6] =   77097, PRDATA[          6] =  118785
Error: result_data[          7] =  101931, PRDATA[          7] =   88177
Error: result_data[          8] =  109907, PRDATA[          8] =  129932
Error: result_data[          9] =  107610, PRDATA[          9] =   54786
Error: result_data[         10] =  113983, PRDATA[         10] =  112240
Error: result_data[         11] =  110001, PRDATA[         11] =   84615
Error: result_data[         12] =  102659, PRDATA[         12] =  107661
Error: result_data[         13] =   96166, PRDATA[         13] =   68149
Error: result_data[         14] =  101073, PRDATA[         14] =   71029
Error: result_data[         15] =  100059, PRDATA[         15] =   81654
Error: result_data[         16] =  110927, PRDATA[         16] =   60685
Error: result_data[         17] =  100534, PRDATA[         17] =   87001
Error: result_data[         18] =  113235, PRDATA[         18] =   74854
Error: result_data[         19] =  101042, PRDATA[         19] =   83883
Error: result_data[         20] =  110811, PRDATA[         20] =   88950
Error: result_data[         21] =   68276, PRDATA[         21] =   83459
Error: result_data[         22] =   95053, PRDATA[         22] =  122052
Error: result_data[         23] =   53741, PRDATA[         23] =   93624
Error: result_data[         24] =  100969, PRDATA[         24] =   95593
Error: result_data[         25] =   91545, PRDATA[         25] =   79390
Error: result_data[         26] =  111117, PRDATA[         26] =   64006
Error: result_data[         27] =   96876, PRDATA[         27] =   89199
Error: result_data[         28] =  118855, PRDATA[         28] =   78977
Error: result_data[         29] =   48997, PRDATA[         29] =   46668
Error: result_data[         30] =  102838, PRDATA[         30] =  142359
Error: result_data[         31] =  130625, PRDATA[         31] =  207471
Error: result_data[         32] =  143293, PRDATA[         32] =  210325
Error: result_data[         33] =   95162, PRDATA[         33] =  183404
Error: result_data[         34] =  110336, PRDATA[         34] =  220173
Error: result_data[         35] =  124327, PRDATA[         35] =  119186
Error: result_data[         36] =  165137, PRDATA[         36] =  169495
Error: result_data[         37] =  175568, PRDATA[         37] =  132031
Error: result_data[         38] =  165830, PRDATA[         38] =  141253
Error: result_data[         39] =  179800, PRDATA[         39] =  142312
Error: result_data[         40] =  152524, PRDATA[         40] =  126999
Error: result_data[         41] =  179261, PRDATA[         41] =  135747
Error: result_data[         42] =  178512, PRDATA[         42] =  140312
Error: result_data[         43] =  152412, PRDATA[         43] =  142547
Error: result_data[         44] =  181095, PRDATA[         44] =  148131
Error: result_data[         45] =  134878, PRDATA[         45] =  106140
Error: result_data[         46] =  143665, PRDATA[         46] =  153724
Error: result_data[         47] =  140769, PRDATA[         47] =  119204
Error: result_data[         48] =  139833, PRDATA[         48] =  142933
Error: result_data[         49] =  104806, PRDATA[         49] =  200087
Error: result_data[         50] =  121310, PRDATA[         50] =  141949
Error: result_data[         51] =  124262, PRDATA[         51] =  134969
Error: result_data[         52] =  134557, PRDATA[         52] =  151317
Error: result_data[         53] =  166154, PRDATA[         53] =  116563
Error: result_data[         54] =  160531, PRDATA[         54] =  111661
Error: result_data[         55] =  147895, PRDATA[         55] =  136126
Error: result_data[         56] =  131839, PRDATA[         56] =  159736
Error: result_data[         57] =   85036, PRDATA[         57] =   89613
Error: result_data[         58] =  102863, PRDATA[         58] =  169494
Error: result_data[         59] =  148278, PRDATA[         59] =  205232
Error: result_data[         60] =  170507, PRDATA[         60] =  183000
Error: result_data[         61] =  121659, PRDATA[         61] =  164783
Error: result_data[         62] =  114911, PRDATA[         62] =  161834
Error: result_data[         63] =  124365, PRDATA[         63] =  136025
Error: result_data[         64] =  164062, PRDATA[         64] =  162251
Error: result_data[         65] =  196432, PRDATA[         65] =   92308
Error: result_data[         66] =  173145, PRDATA[         66] =  105591
Error: result_data[         67] =  157036, PRDATA[         67] =  144674
Error: result_data[         68] =  169488, PRDATA[         68] =  144655
Error: result_data[         69] =  177461, PRDATA[         69] =  138597
Error: result_data[         70] =  194404, PRDATA[         70] =  170972
Error: result_data[         71] =  169315, PRDATA[         71] =  166606
Error: result_data[         72] =  175949, PRDATA[         72] =  161251
Error: result_data[         73] =  147095, PRDATA[         73] =  116181
Error: result_data[         74] =  143085, PRDATA[         74] =  148462
Error: result_data[         75] =  147022, PRDATA[         75] =  146394
Error: result_data[         76] =  147362, PRDATA[         76] =  120393
Error: result_data[         77] =  139864, PRDATA[         77] =  179768
Error: result_data[         78] =  150541, PRDATA[         78] =  118843
Error: result_data[         79] =  152987, PRDATA[         79] =  128621
Error: result_data[         80] =  163483, PRDATA[         80] =  116777
Error: result_data[         81] =  185099, PRDATA[         81] =   59021
Error: result_data[         82] =  179038, PRDATA[         82] =  152658
Error: result_data[         83] =  151727, PRDATA[         83] =  127655
Error: result_data[         84] =  144208, PRDATA[         84] =  195902
Error: result_data[         85] =   87949, PRDATA[         85] =  112583
Error: result_data[         86] =   95759, PRDATA[         86] =  122741
Error: result_data[         87] =  134945, PRDATA[         87] =  180756
Error: result_data[         88] =  158551, PRDATA[         88] =  160874
Error: result_data[         89] =  128648, PRDATA[         89] =  140183
Error: result_data[         90] =  105427, PRDATA[         90] =  160816
Error: result_data[         91] =  163098, PRDATA[         91] =  126922
Error: result_data[         92] =  165158, PRDATA[         92] =  154798
Error: result_data[         93] =  244666, PRDATA[         93] =  148575
Error: result_data[         94] =  161127, PRDATA[         94] =  129542
Error: result_data[         95] =  169191, PRDATA[         95] =   94442
Error: result_data[         96] =  133844, PRDATA[         96] =  138896
Error: result_data[         97] =  136775, PRDATA[         97] =  113943
Error: result_data[         98] =  183886, PRDATA[         98] =  187778
Error: result_data[         99] =  131799, PRDATA[         99] =  186546
Error: result_data[        100] =  185277, PRDATA[        100] =  161244
Error: result_data[        101] =  171340, PRDATA[        101] =  110777
Error: result_data[        102] =  156832, PRDATA[        102] =  172113
Error: result_data[        103] =  164356, PRDATA[        103] =  136106
Error: result_data[        104] =  134259, PRDATA[        104] =   95616
Error: result_data[        105] =  173206, PRDATA[        105] =  178995
Error: result_data[        106] =  172051, PRDATA[        106] =  104939
Error: result_data[        107] =  189723, PRDATA[        107] =  156414
Error: result_data[        108] =  191641, PRDATA[        108] =  140698
Error: result_data[        109] =  227329, PRDATA[        109] =  110156
Error: result_data[        110] =  160277, PRDATA[        110] =  132392
Error: result_data[        111] =  161296, PRDATA[        111] =  137749
Error: result_data[        112] =  133420, PRDATA[        112] =  215898
Error: result_data[        113] =   78010, PRDATA[        113] =   58735
Error: result_data[        114] =   90399, PRDATA[        114] =  110339
Error: result_data[        115] =  137279, PRDATA[        115] =  123428
Error: result_data[        116] =  136210, PRDATA[        116] =  108540
Error: result_data[        117] =  118802, PRDATA[        117] =  108356
Error: result_data[        118] =  117288, PRDATA[        118] =  150475
Error: result_data[        119] =  126150, PRDATA[        119] =  183324
Error: result_data[        120] =  133136, PRDATA[        120] =  139462
Error: result_data[        121] =  180142, PRDATA[        121] =  171957
Error: result_data[        122] =  132226, PRDATA[        122] =  135986
Error: result_data[        123] =  161983, PRDATA[        123] =  163613
Error: result_data[        124] =  111397, PRDATA[        124] =  157479
Error: result_data[        125] =  159879, PRDATA[        125] =  170669
Error: result_data[        126] =  149770, PRDATA[        126] =  141806
Error: result_data[        127] =  160042, PRDATA[        127] =  143045
Error: result_data[        128] =  174915, PRDATA[        128] =  161224
Error: result_data[        129] =  155444, PRDATA[        129] =  145581
Error: result_data[        130] =  158122, PRDATA[        130] =  124316
Error: result_data[        131] =  138921, PRDATA[        131] =   93654
Error: result_data[        132] =  163039, PRDATA[        132] =  114602
Error: result_data[        133] =  162303, PRDATA[        133] =  153201
Error: result_data[        134] =  178394, PRDATA[        134] =  141778
Error: result_data[        135] =  174007, PRDATA[        135] =  183022
Error: result_data[        136] =  175769, PRDATA[        136] =  131790
Error: result_data[        137] =  195800, PRDATA[        137] =  119941
Error: result_data[        138] =  189854, PRDATA[        138] =  137621
Error: result_data[        139] =  164931, PRDATA[        139] =  108426
Error: result_data[        140] =  161140, PRDATA[        140] =  144609
Error: result_data[        141] =  105397, PRDATA[        141] =  100505
Error: result_data[        142] =   89768, PRDATA[        142] =   97367
Error: result_data[        143] =  100072, PRDATA[        143] =  138323
Error: result_data[        144] =  119825, PRDATA[        144] =  121467
Error: result_data[        145] =  104634, PRDATA[        145] =  153165
Error: result_data[        146] =  125240, PRDATA[        146] =  136311
Error: result_data[        147] =  121062, PRDATA[        147] =  194372
Error: result_data[        148] =  100793, PRDATA[        148] =  175858
Error: result_data[        149] =  127859, PRDATA[        149] =  219702
Error: result_data[        150] =  126276, PRDATA[        150] =  176664
Error: result_data[        151] =  165231, PRDATA[        151] =  205420
Error: result_data[        152] =  149723, PRDATA[        152] =  146694
Error: result_data[        153] =  190006, PRDATA[        153] =  111843
Error: result_data[        154] =  155001, PRDATA[        154] =  132537
Error: result_data[        155] =  165566, PRDATA[        155] =  139534
Error: result_data[        156] =  144820, PRDATA[        156] =  119593
Error: result_data[        157] =  130041, PRDATA[        157] =  120066
Error: result_data[        158] =  122186, PRDATA[        158] =  168762
Error: result_data[        159] =  148641, PRDATA[        159] =  115053
Error: result_data[        160] =  171313, PRDATA[        160] =  118564
Error: result_data[        161] =  174144, PRDATA[        161] =  142715
Error: result_data[        162] =  159627, PRDATA[        162] =  108134
Error: result_data[        163] =  151375, PRDATA[        163] =  196008
Error: result_data[        164] =  170068, PRDATA[        164] =  147302
Error: result_data[        165] =  174815, PRDATA[        165] =  113960
Error: result_data[        166] =  170200, PRDATA[        166] =  119528
Error: result_data[        167] =  172372, PRDATA[        167] =  120179
Error: result_data[        168] =  158790, PRDATA[        168] =  140756
Error: result_data[        169] =  118006, PRDATA[        169] =   50614
Error: result_data[        170] =   69198, PRDATA[        170] =  149898
Error: result_data[        171] =  108870, PRDATA[        171] =  157422
Error: result_data[        172] =  129330, PRDATA[        172] =  138156
Error: result_data[        173] =  138946, PRDATA[        173] =  124218
Error: result_data[        174] =  156259, PRDATA[        174] =  171792
Error: result_data[        175] =  151275, PRDATA[        175] =  138065
Error: result_data[        176] =  110801, PRDATA[        176] =  185217
Error: result_data[        177] =  118267, PRDATA[        177] =  147120
Error: result_data[        178] =  132346, PRDATA[        178] =  163971
Error: result_data[        179] =  145745, PRDATA[        179] =  143794
Error: result_data[        180] =  176963, PRDATA[        180] =  171292
Error: result_data[        181] =  178477, PRDATA[        181] =  123022
Error: result_data[        182] =  159765, PRDATA[        182] =   98705
Error: result_data[        183] =  165903, PRDATA[        183] =  121165
Error: result_data[        184] =  101746, PRDATA[        184] =  148284
Error: result_data[        185] =   95944, PRDATA[        185] =  168969
Error: result_data[        186] =  100842, PRDATA[        186] =  154275
Error: result_data[        187] =  144556, PRDATA[        187] =  137251
Error: result_data[        188] =  151976, PRDATA[        188] =  139833
Error: result_data[        189] =  158156, PRDATA[        189] =  136064
Error: result_data[        190] =  133565, PRDATA[        190] =  102646
Error: result_data[        191] =  136000, PRDATA[        191] =  109354
Error: result_data[        192] =  174084, PRDATA[        192] =   99500
Error: result_data[        193] =  161919, PRDATA[        193] =  133224
Error: result_data[        194] =  162000, PRDATA[        194] =   98210
Error: result_data[        195] =  165986, PRDATA[        195] =   83974
Error: result_data[        196] =  154002, PRDATA[        196] =  118150
Error: result_data[        197] =  118322, PRDATA[        197] =   54544
Error: result_data[        198] =  105385, PRDATA[        198] =  158394
Error: result_data[        199] =  106996, PRDATA[        199] =  113526
Error: result_data[        200] =  128675, PRDATA[        200] =  136537
Error: result_data[        201] =  152575, PRDATA[        201] =   65424
Error: result_data[        202] =  173955, PRDATA[        202] =  173336
Error: result_data[        203] =  209150, PRDATA[        203] =   84037
Error: result_data[        204] =  154354, PRDATA[        204] =  140066
Error: result_data[        205] =  152711, PRDATA[        205] =   86523
Error: result_data[        206] =  106256, PRDATA[        206] =  153596
Error: result_data[        207] =  153013, PRDATA[        207] =  129793
Error: result_data[        208] =  146698, PRDATA[        208] =  134502
Error: result_data[        209] =  159864, PRDATA[        209] =   76485
Error: result_data[        210] =  150664, PRDATA[        210] =  140976
Error: result_data[        211] =  140638, PRDATA[        211] =  157103
Error: result_data[        212] =  131900, PRDATA[        212] =  157856
Error: result_data[        213] =  129991, PRDATA[        213] =  188770
Error: result_data[        214] =  117911, PRDATA[        214] =  136693
Error: result_data[        215] =  122573, PRDATA[        215] =  142250
Error: result_data[        216] =  142688, PRDATA[        216] =  152197
Error: result_data[        217] =  135848, PRDATA[        217] =  151256
Error: result_data[        218] =  145471, PRDATA[        218] =   88059
Error: result_data[        219] =  143816, PRDATA[        219] =  120966
Error: result_data[        220] =  150959, PRDATA[        220] =  119700
Error: result_data[        221] =  174699, PRDATA[        221] =  100886
Error: result_data[        222] =  143830, PRDATA[        222] =  152444
Error: result_data[        223] =  161423, PRDATA[        223] =  119130
Error: result_data[        224] =  166385, PRDATA[        224] =  142829
Error: result_data[        225] =  102028, PRDATA[        225] =   57138
Error: result_data[        226] =   80201, PRDATA[        226] =  132510
Error: result_data[        227] =  117890, PRDATA[        227] =  121513
Error: result_data[        228] =  114942, PRDATA[        228] =  175683
Error: result_data[        229] =  144606, PRDATA[        229] =  117100
Error: result_data[        230] =  195171, PRDATA[        230] =  171790
Error: result_data[        231] =  211459, PRDATA[        231] =   93891
Error: result_data[        232] =  192218, PRDATA[        232] =  111301
Error: result_data[        233] =  139549, PRDATA[        233] =  104365
Error: result_data[        234] =  139903, PRDATA[        234] =   97128
Error: result_data[        235] =  126732, PRDATA[        235] =  122895
Error: result_data[        236] =  151222, PRDATA[        236] =   92202
Error: result_data[        237] =  139653, PRDATA[        237] =  115714
Error: result_data[        238] =  135464, PRDATA[        238] =  101143
Error: result_data[        239] =  148596, PRDATA[        239] =  166630
Error: result_data[        240] =  175868, PRDATA[        240] =  129764
Error: result_data[        241] =  147585, PRDATA[        241] =  178195
Error: result_data[        242] =  114943, PRDATA[        242] =  123574
Error: result_data[        243] =  104054, PRDATA[        243] =  149578
Error: result_data[        244] =  104012, PRDATA[        244] =  151080
Error: result_data[        245] =  109875, PRDATA[        245] =  133218
Error: result_data[        246] =  112197, PRDATA[        246] =  109861
Error: result_data[        247] =  135098, PRDATA[        247] =  106462
Error: result_data[        248] =  153897, PRDATA[        248] =  125829
Error: result_data[        249] =  207274, PRDATA[        249] =  115800
Error: result_data[        250] =  173758, PRDATA[        250] =  124886
Error: result_data[        251] =  190040, PRDATA[        251] =  153944
Error: result_data[        252] =  140337, PRDATA[        252] =  128950
Error: result_data[        253] =   96545, PRDATA[        253] =   83785
Error: result_data[        254] =   95394, PRDATA[        254] =  119287
Error: result_data[        255] =   99648, PRDATA[        255] =  137306
Error: result_data[        256] =  111749, PRDATA[        256] =  132905
Error: result_data[        257] =  106603, PRDATA[        257] =  159837
Error: result_data[        258] =  178401, PRDATA[        258] =  139758
Error: result_data[        259] =  175809, PRDATA[        259] =  152454
Error: result_data[        260] =  153365, PRDATA[        260] =  135169
Error: result_data[        261] =  128836, PRDATA[        261] =  154611
Error: result_data[        262] =  136239, PRDATA[        262] =   90586
Error: result_data[        263] =  127090, PRDATA[        263] =  154926
Error: result_data[        264] =  155093, PRDATA[        264] =   65486
Error: result_data[        265] =  106562, PRDATA[        265] =  111303
Error: result_data[        266] =  138110, PRDATA[        266] =  119579
Error: result_data[        267] =  161639, PRDATA[        267] =  149420
Error: result_data[        268] =  174098, PRDATA[        268] =  121864
Error: result_data[        269] =  169321, PRDATA[        269] =  136303
Error: result_data[        270] =  139339, PRDATA[        270] =  163757
Error: result_data[        271] =  114853, PRDATA[        271] =  118180
Error: result_data[        272] =  119392, PRDATA[        272] =  166407
Error: result_data[        273] =  117313, PRDATA[        273] =  124091
Error: result_data[        274] =   82563, PRDATA[        274] =  130497
Error: result_data[        275] =  128483, PRDATA[        275] =  126779
Error: result_data[        276] =  153902, PRDATA[        276] =  100926
Error: result_data[        277] =  216565, PRDATA[        277] =  169826
Error: result_data[        278] =  211088, PRDATA[        278] =  124554
Error: result_data[        279] =  180983, PRDATA[        279] =  196978
Error: result_data[        280] =  186936, PRDATA[        280] =  126662
Error: result_data[        281] =   86792, PRDATA[        281] =   95976
Error: result_data[        282] =   71372, PRDATA[        282] =   79788
Error: result_data[        283] =  113205, PRDATA[        283] =  175330
Error: result_data[        284] =  119148, PRDATA[        284] =  149060
Error: result_data[        285] =  113349, PRDATA[        285] =  168827
Error: result_data[        286] =  146591, PRDATA[        286] =  205103
Error: result_data[        287] =  133573, PRDATA[        287] =  202165
Error: result_data[        288] =  141065, PRDATA[        288] =  158550
Error: result_data[        289] =  123879, PRDATA[        289] =  170030
Error: result_data[        290] =  148941, PRDATA[        290] =  104634
Error: result_data[        291] =  144613, PRDATA[        291] =  102085
Error: result_data[        292] =  193704, PRDATA[        292] =   50385
Error: result_data[        293] =  131798, PRDATA[        293] =  137776
Error: result_data[        294] =  143205, PRDATA[        294] =  110266
Error: result_data[        295] =  120744, PRDATA[        295] =  119097
Error: result_data[        296] =  140222, PRDATA[        296] =  147629
Error: result_data[        297] =  150841, PRDATA[        297] =  130256
Error: result_data[        298] =  139717, PRDATA[        298] =  120828
Error: result_data[        299] =  150132, PRDATA[        299] =  117082
Error: result_data[        300] =  111761, PRDATA[        300] =  111361
Error: result_data[        301] =  133842, PRDATA[        301] =  133493
Error: result_data[        302] =   85797, PRDATA[        302] =  134859
Error: result_data[        303] =  138829, PRDATA[        303] =  164139
Error: result_data[        304] =  169208, PRDATA[        304] =  197612
Error: result_data[        305] =  187979, PRDATA[        305] =  133968
Error: result_data[        306] =  199023, PRDATA[        306] =  133858
Error: result_data[        307] =  191370, PRDATA[        307] =  157814
Error: result_data[        308] =  191960, PRDATA[        308] =  153107
Error: result_data[        309] =  113586, PRDATA[        309] =   65452
Error: result_data[        310] =   84722, PRDATA[        310] =   82891
Error: result_data[        311] =  148707, PRDATA[        311] =  118432
Error: result_data[        312] =  114842, PRDATA[        312] =  116533
Error: result_data[        313] =   93854, PRDATA[        313] =  182034
Error: result_data[        314] =  105605, PRDATA[        314] =  121460
Error: result_data[        315] =  142560, PRDATA[        315] =  184510
Error: result_data[        316] =  152109, PRDATA[        316] =  138443
Error: result_data[        317] =  148428, PRDATA[        317] =  126323
Error: result_data[        318] =  149806, PRDATA[        318] =   46118
Error: result_data[        319] =  202015, PRDATA[        319] =  115360
Error: result_data[        320] =  198452, PRDATA[        320] =   70521
Error: result_data[        321] =  160786, PRDATA[        321] =  166160
Error: result_data[        322] =  107858, PRDATA[        322] =  138527
Error: result_data[        323] =  131724, PRDATA[        323] =  140984
Error: result_data[        324] =  154127, PRDATA[        324] =  123198
Error: result_data[        325] =  168574, PRDATA[        325] =   80350
Error: result_data[        326] =  152790, PRDATA[        326] =  137884
Error: result_data[        327] =  138045, PRDATA[        327] =  150260
Error: result_data[        328] =  156791, PRDATA[        328] =  113348
Error: result_data[        329] =  122662, PRDATA[        329] =  180284
Error: result_data[        330] =  139335, PRDATA[        330] =  127321
Error: result_data[        331] =  149054, PRDATA[        331] =  178380
Error: result_data[        332] =  162834, PRDATA[        332] =  179346
Error: result_data[        333] =  178812, PRDATA[        333] =  161376
Error: result_data[        334] =  197846, PRDATA[        334] =  171210
Error: result_data[        335] =  205424, PRDATA[        335] =  149647
Error: result_data[        336] =  215959, PRDATA[        336] =   98929
Error: result_data[        337] =  110106, PRDATA[        337] =   89997
Error: result_data[        338] =   83860, PRDATA[        338] =   44742
Error: result_data[        339] =  129931, PRDATA[        339] =  129688
Error: result_data[        340] =  130014, PRDATA[        340] =  126814
Error: result_data[        341] =  112060, PRDATA[        341] =  137453
Error: result_data[        342] =  144186, PRDATA[        342] =  149131
Error: result_data[        343] =  191292, PRDATA[        343] =  108901
Error: result_data[        344] =  173931, PRDATA[        344] =  104787
Error: result_data[        345] =  158869, PRDATA[        345] =   78104
Error: result_data[        346] =  183234, PRDATA[        346] =   91434
Error: result_data[        347] =  184656, PRDATA[        347] =   86849
Error: result_data[        348] =  214810, PRDATA[        348] =   89828
Error: result_data[        349] =  152255, PRDATA[        349] =  105471
Error: result_data[        350] =  111718, PRDATA[        350] =  141971
Error: result_data[        351] =  146985, PRDATA[        351] =   75582
Error: result_data[        352] =  164558, PRDATA[        352] =  154612
Error: result_data[        353] =  180295, PRDATA[        353] =  107191
Error: result_data[        354] =  183970, PRDATA[        354] =  147280
Error: result_data[        355] =  150479, PRDATA[        355] =  185856
Error: result_data[        356] =  165860, PRDATA[        356] =  147057
Error: result_data[        357] =  114157, PRDATA[        357] =  197836
Error: result_data[        358] =  171727, PRDATA[        358] =  100486
Error: result_data[        359] =  153233, PRDATA[        359] =  189872
Error: result_data[        360] =  169487, PRDATA[        360] =  144045
Error: result_data[        361] =  165317, PRDATA[        361] =  142773
Error: result_data[        362] =  165428, PRDATA[        362] =  153826
Error: result_data[        363] =  214254, PRDATA[        363] =  124194
Error: result_data[        364] =  153628, PRDATA[        364] =  156057
Error: result_data[        365] =   89784, PRDATA[        365] =   29516
Error: result_data[        366] =   62927, PRDATA[        366] =   59468
Error: result_data[        367] =  114409, PRDATA[        367] =  118614
Error: result_data[        368] =  105943, PRDATA[        368] =  134965
Error: result_data[        369] =  142153, PRDATA[        369] =  152817
Error: result_data[        370] =  167586, PRDATA[        370] =   86354
Error: result_data[        371] =  191304, PRDATA[        371] =  111357
Error: result_data[        372] =  163418, PRDATA[        372] =  110962
Error: result_data[        373] =  180450, PRDATA[        373] =   60096
Error: result_data[        374] =  149772, PRDATA[        374] =  129445
Error: result_data[        375] =  188277, PRDATA[        375] =   71341
Error: result_data[        376] =  161790, PRDATA[        376] =  117209
Error: result_data[        377] =  151012, PRDATA[        377] =   96292
Error: result_data[        378] =  130184, PRDATA[        378] =  115294
Error: result_data[        379] =  161100, PRDATA[        379] =   94827
Error: result_data[        380] =  147361, PRDATA[        380] =  172822
Error: result_data[        381] =  182563, PRDATA[        381] =  151845
Error: result_data[        382] =  180402, PRDATA[        382] =  209210
Error: result_data[        383] =  152119, PRDATA[        383] =  188506
Error: result_data[        384] =  136400, PRDATA[        384] =  200501
Error: result_data[        385] =   82797, PRDATA[        385] =  191802
Error: result_data[        386] =  156158, PRDATA[        386] =  137890
Error: result_data[        387] =  151224, PRDATA[        387] =  197140
Error: result_data[        388] =  154953, PRDATA[        388] =  134393
Error: result_data[        389] =  179729, PRDATA[        389] =  112996
Error: result_data[        390] =  152879, PRDATA[        390] =  173062
Error: result_data[        391] =  207886, PRDATA[        391] =  102444
Error: result_data[        392] =  122386, PRDATA[        392] =  153980
Error: result_data[        393] =   91525, PRDATA[        393] =   81088
Error: result_data[        394] =   58200, PRDATA[        394] =   59331
Error: result_data[        395] =  136420, PRDATA[        395] =  153507
Error: result_data[        396] =  161871, PRDATA[        396] =  174928
Error: result_data[        397] =  166187, PRDATA[        397] =  166414
Error: result_data[        398] =  153144, PRDATA[        398] =  101638
Error: result_data[        399] =  161306, PRDATA[        399] =  115484
Error: result_data[        400] =  155773, PRDATA[        400] =  107936
Error: result_data[        401] =  171481, PRDATA[        401] =  121044
Error: result_data[        402] =  170021, PRDATA[        402] =  132837
Error: result_data[        403] =  143887, PRDATA[        403] =  111597
Error: result_data[        404] =  170157, PRDATA[        404] =   79467
Error: result_data[        405] =  146911, PRDATA[        405] =  117816
Error: result_data[        406] =  152501, PRDATA[        406] =  126543
Error: result_data[        407] =  140529, PRDATA[        407] =  175681
Error: result_data[        408] =  134382, PRDATA[        408] =  142525
Error: result_data[        409] =  144110, PRDATA[        409] =  115380
Error: result_data[        410] =  144353, PRDATA[        410] =  179041
Error: result_data[        411] =  131684, PRDATA[        411] =  155777
Error: result_data[        412] =  119117, PRDATA[        412] =  180966
Error: result_data[        413] =  103127, PRDATA[        413] =  217817
Error: result_data[        414] =  123922, PRDATA[        414] =  157541
Error: result_data[        415] =  131002, PRDATA[        415] =  176970
Error: result_data[        416] =  116000, PRDATA[        416] =  148435
Error: result_data[        417] =  124897, PRDATA[        417] =  124302
Error: result_data[        418] =  140633, PRDATA[        418] =  152866
Error: result_data[        419] =  177933, PRDATA[        419] =  151157
Error: result_data[        420] =  138627, PRDATA[        420] =  135830
Error: result_data[        421] =   92032, PRDATA[        421] =   34646
Error: result_data[        422] =   92136, PRDATA[        422] =  101473
Error: result_data[        423] =  163921, PRDATA[        423] =  186264
Error: result_data[        424] =  204295, PRDATA[        424] =  164058
Error: result_data[        425] =  161799, PRDATA[        425] =  142003
Error: result_data[        426] =  152739, PRDATA[        426] =   96474
Error: result_data[        427] =  163600, PRDATA[        427] =  108414
Error: result_data[        428] =  185067, PRDATA[        428] =   86652
Error: result_data[        429] =  215272, PRDATA[        429] =  118295
Error: result_data[        430] =  171212, PRDATA[        430] =  116781
Error: result_data[        431] =  168460, PRDATA[        431] =  108315
Error: result_data[        432] =  136534, PRDATA[        432] =  150207
Error: result_data[        433] =  141392, PRDATA[        433] =  117192
Error: result_data[        434] =  141254, PRDATA[        434] =  115223
Error: result_data[        435] =  145149, PRDATA[        435] =  147754
Error: result_data[        436] =  137064, PRDATA[        436] =  147585
Error: result_data[        437] =  134081, PRDATA[        437] =  173896
Error: result_data[        438] =  143650, PRDATA[        438] =  148269
Error: result_data[        439] =  140228, PRDATA[        439] =  160296
Error: result_data[        440] =  149638, PRDATA[        440] =  167252
Error: result_data[        441] =  116939, PRDATA[        441] =  150706
Error: result_data[        442] =  123307, PRDATA[        442] =  167320
Error: result_data[        443] =  107269, PRDATA[        443] =  173845
Error: result_data[        444] =  111869, PRDATA[        444] =  145745
Error: result_data[        445] =  128173, PRDATA[        445] =  163415
Error: result_data[        446] =  145434, PRDATA[        446] =  147466
Error: result_data[        447] =  146034, PRDATA[        447] =  154652
Error: result_data[        448] =  149285, PRDATA[        448] =  121422
Error: result_data[        449] =   97712, PRDATA[        449] =   90843
Error: result_data[        450] =  103015, PRDATA[        450] =   75992
Error: result_data[        451] =  166598, PRDATA[        451] =  154320
Error: result_data[        452] =  212856, PRDATA[        452] =  153146
Error: result_data[        453] =  173142, PRDATA[        453] =  137982
Error: result_data[        454] =  175372, PRDATA[        454] =  117596
Error: result_data[        455] =  140260, PRDATA[        455] =  107770
Error: result_data[        456] =  205819, PRDATA[        456] =   72377
Error: result_data[        457] =  195623, PRDATA[        457] =   95878
Error: result_data[        458] =  180894, PRDATA[        458] =  169216
Error: result_data[        459] =  155648, PRDATA[        459] =  163226
Error: result_data[        460] =   99431, PRDATA[        460] =  156659
Error: result_data[        461] =  122341, PRDATA[        461] =  120333
Error: result_data[        462] =  100883, PRDATA[        462] =  169635
Error: result_data[        463] =  159645, PRDATA[        463] =  204768
Error: result_data[        464] =  145785, PRDATA[        464] =  174204
Error: result_data[        465] =  168126, PRDATA[        465] =  171952
Error: result_data[        466] =  152983, PRDATA[        466] =  146556
Error: result_data[        467] =  141466, PRDATA[        467] =  142212
Error: result_data[        468] =  154229, PRDATA[        468] =  106416
Error: result_data[        469] =  153185, PRDATA[        469] =  158853
Error: result_data[        470] =  114389, PRDATA[        470] =  116971
Error: result_data[        471] =   98539, PRDATA[        471] =  134905
Error: result_data[        472] =  129392, PRDATA[        472] =  118442
Error: result_data[        473] =  103883, PRDATA[        473] =  126336
Error: result_data[        474] =  131400, PRDATA[        474] =  134770
Error: result_data[        475] =  115608, PRDATA[        475] =  181962
Error: result_data[        476] =  132223, PRDATA[        476] =  140155
Error: result_data[        477] =  108131, PRDATA[        477] =   67896
Error: result_data[        478] =   80086, PRDATA[        478] =   86733
Error: result_data[        479] =  167110, PRDATA[        479] =  187506
Error: result_data[        480] =  170599, PRDATA[        480] =  121911
Error: result_data[        481] =  195668, PRDATA[        481] =  133923
Error: result_data[        482] =  141732, PRDATA[        482] =  112064
Error: result_data[        483] =  153378, PRDATA[        483] =   88176
Error: result_data[        484] =  169138, PRDATA[        484] =  106345
Error: result_data[        485] =  184911, PRDATA[        485] =  107789
Error: result_data[        486] =  162347, PRDATA[        486] =  136540
Error: result_data[        487] =  122529, PRDATA[        487] =  168463
Error: result_data[        488] =   67805, PRDATA[        488] =  175148
Error: result_data[        489] =  114326, PRDATA[        489] =  181591
Error: result_data[        490] =   78071, PRDATA[        490] =  194573
Error: result_data[        491] =  148861, PRDATA[        491] =  172743
Error: result_data[        492] =  137853, PRDATA[        492] =  176401
Error: result_data[        493] =  167968, PRDATA[        493] =  132102
Error: result_data[        494] =  144259, PRDATA[        494] =   78082
Error: result_data[        495] =  131578, PRDATA[        495] =   89203
Error: result_data[        496] =  150285, PRDATA[        496] =   81779
Error: result_data[        497] =  121624, PRDATA[        497] =  117980
Error: result_data[        498] =  115809, PRDATA[        498] =  126923
Error: result_data[        499] =  123311, PRDATA[        499] =  103947
Error: result_data[        500] =  128732, PRDATA[        500] =  133601
Error: result_data[        501] =  137722, PRDATA[        501] =   78991
Error: result_data[        502] =  119659, PRDATA[        502] =  180808
Error: result_data[        503] =  147580, PRDATA[        503] =  137878
Error: result_data[        504] =  137070, PRDATA[        504] =  171183
Error: result_data[        505] =  110529, PRDATA[        505] =   77988
Error: result_data[        506] =   92935, PRDATA[        506] =  101362
Error: result_data[        507] =  187801, PRDATA[        507] =  132788
Error: result_data[        508] =  172950, PRDATA[        508] =  110335
Error: result_data[        509] =  169454, PRDATA[        509] =  143315
Error: result_data[        510] =  142999, PRDATA[        510] =  103227
Error: result_data[        511] =  104835, PRDATA[        511] =  128575
Error: result_data[        512] =  151262, PRDATA[        512] =  102208
Error: result_data[        513] =  160841, PRDATA[        513] =   96267
Error: result_data[        514] =  138446, PRDATA[        514] =  103031
Error: result_data[        515] =   88314, PRDATA[        515] =  143815
Error: result_data[        516] =   72556, PRDATA[        516] =  142545
Error: result_data[        517] =  117288, PRDATA[        517] =  176056
Error: result_data[        518] =  109222, PRDATA[        518] =  185169
Error: result_data[        519] =  165848, PRDATA[        519] =  168376
Error: result_data[        520] =  115954, PRDATA[        520] =  122279
Error: result_data[        521] =  135824, PRDATA[        521] =   71824
Error: result_data[        522] =  122167, PRDATA[        522] =   34997
Error: result_data[        523] =  135922, PRDATA[        523] =   90300
Error: result_data[        524] =  134460, PRDATA[        524] =   91688
Error: result_data[        525] =  145337, PRDATA[        525] =  168069
Error: result_data[        526] =  122041, PRDATA[        526] =  144436
Error: result_data[        527] =  137556, PRDATA[        527] =  103843
Error: result_data[        528] =  132209, PRDATA[        528] =  161189
Error: result_data[        529] =  139143, PRDATA[        529] =   85252
Error: result_data[        530] =  133592, PRDATA[        530] =  126269
Error: result_data[        531] =  174166, PRDATA[        531] =  125291
Error: result_data[        532] =  125139, PRDATA[        532] =  162926
Error: result_data[        533] =  116118, PRDATA[        533] =   83268
Error: result_data[        534] =   90091, PRDATA[        534] =  106877
Error: result_data[        535] =  160434, PRDATA[        535] =  174367
Error: result_data[        536] =  153499, PRDATA[        536] =  145988
Error: result_data[        537] =  164783, PRDATA[        537] =  144767
Error: result_data[        538] =  158206, PRDATA[        538] =  111894
Error: result_data[        539] =  137237, PRDATA[        539] =  163092
Error: result_data[        540] =  163705, PRDATA[        540] =  127954
Error: result_data[        541] =  106866, PRDATA[        541] =  161068
Error: result_data[        542] =   99823, PRDATA[        542] =  113897
Error: result_data[        543] =   59506, PRDATA[        543] =  181571
Error: result_data[        544] =   75294, PRDATA[        544] =  145538
Error: result_data[        545] =  109023, PRDATA[        545] =  182798
Error: result_data[        546] =  149557, PRDATA[        546] =  161634
Error: result_data[        547] =  163417, PRDATA[        547] =  177800
Error: result_data[        548] =  152558, PRDATA[        548] =  115382
Error: result_data[        549] =  152378, PRDATA[        549] =  112350
Error: result_data[        550] =  141158, PRDATA[        550] =   98357
Error: result_data[        551] =  140116, PRDATA[        551] =   90761
Error: result_data[        552] =  165175, PRDATA[        552] =  111935
Error: result_data[        553] =  182556, PRDATA[        553] =  106597
Error: result_data[        554] =  147432, PRDATA[        554] =  163227
Error: result_data[        555] =  154619, PRDATA[        555] =  143253
Error: result_data[        556] =  130357, PRDATA[        556] =  114465
Error: result_data[        557] =  128309, PRDATA[        557] =   97943
Error: result_data[        558] =  153678, PRDATA[        558] =  147754
Error: result_data[        559] =  154378, PRDATA[        559] =  133838
Error: result_data[        560] =  160252, PRDATA[        560] =  153854
Error: result_data[        561] =  113082, PRDATA[        561] =   70080
Error: result_data[        562] =   75888, PRDATA[        562] =  112497
Error: result_data[        563] =  147558, PRDATA[        563] =  179966
Error: result_data[        564] =  125524, PRDATA[        564] =  140511
Error: result_data[        565] =  155863, PRDATA[        565] =  186422
Error: result_data[        566] =  151096, PRDATA[        566] =  131463
Error: result_data[        567] =  162445, PRDATA[        567] =  169628
Error: result_data[        568] =  143277, PRDATA[        568] =  171391
Error: result_data[        569] =  121648, PRDATA[        569] =  162648
Error: result_data[        570] =  128540, PRDATA[        570] =  156541
Error: result_data[        571] =   96347, PRDATA[        571] =  162294
Error: result_data[        572] =   89808, PRDATA[        572] =  142852
Error: result_data[        573] =  102517, PRDATA[        573] =  184962
Error: result_data[        574] =  150457, PRDATA[        574] =  140349
Error: result_data[        575] =  163965, PRDATA[        575] =  189088
Error: result_data[        576] =  226745, PRDATA[        576] =  108015
Error: result_data[        577] =  155527, PRDATA[        577] =  138731
Error: result_data[        578] =  132766, PRDATA[        578] =   88167
Error: result_data[        579] =  134832, PRDATA[        579] =   90277
Error: result_data[        580] =  154388, PRDATA[        580] =  133388
Error: result_data[        581] =  234124, PRDATA[        581] =  124072
Error: result_data[        582] =  143636, PRDATA[        582] =  144517
Error: result_data[        583] =  143248, PRDATA[        583] =  126676
Error: result_data[        584] =  101431, PRDATA[        584] =  149464
Error: result_data[        585] =  117376, PRDATA[        585] =  149864
Error: result_data[        586] =  111789, PRDATA[        586] =  117023
Error: result_data[        587] =  143291, PRDATA[        587] =  139567
Error: result_data[        588] =  153657, PRDATA[        588] =  107357
Error: result_data[        589] =  119289, PRDATA[        589] =   63496
Error: result_data[        590] =   88483, PRDATA[        590] =   75811
Error: result_data[        591] =  115139, PRDATA[        591] =  150860
Error: result_data[        592] =  103079, PRDATA[        592] =  153911
Error: result_data[        593] =  133587, PRDATA[        593] =  174743
Error: result_data[        594] =  151258, PRDATA[        594] =  163278
Error: result_data[        595] =  164570, PRDATA[        595] =  145425
Error: result_data[        596] =  145603, PRDATA[        596] =  155990
Error: result_data[        597] =  139899, PRDATA[        597] =   97151
Error: result_data[        598] =  139828, PRDATA[        598] =  178581
Error: result_data[        599] =  114188, PRDATA[        599] =  140813
Error: result_data[        600] =  142062, PRDATA[        600] =  190398
Error: result_data[        601] =  102767, PRDATA[        601] =  103422
Error: result_data[        602] =  158286, PRDATA[        602] =  123757
Error: result_data[        603] =  157964, PRDATA[        603] =  136397
Error: result_data[        604] =  221552, PRDATA[        604] =  140652
Error: result_data[        605] =  162396, PRDATA[        605] =  146276
Error: result_data[        606] =  145507, PRDATA[        606] =  132007
Error: result_data[        607] =  122189, PRDATA[        607] =   79909
Error: result_data[        608] =  150675, PRDATA[        608] =  120505
Error: result_data[        609] =  178315, PRDATA[        609] =   98678
Error: result_data[        610] =  151344, PRDATA[        610] =  170445
Error: result_data[        611] =  104581, PRDATA[        611] =  115662
Error: result_data[        612] =  122775, PRDATA[        612] =   99099
Error: result_data[        613] =   89125, PRDATA[        613] =  119977
Error: result_data[        614] =  111822, PRDATA[        614] =  133176
Error: result_data[        615] =  126681, PRDATA[        615] =  117563
Error: result_data[        616] =  147298, PRDATA[        616] =  119314
Error: result_data[        617] =  102974, PRDATA[        617] =   43826
Error: result_data[        618] =   98159, PRDATA[        618] =  108057
Error: result_data[        619] =  135895, PRDATA[        619] =  177197
Error: result_data[        620] =   98672, PRDATA[        620] =  114891
Error: result_data[        621] =  123129, PRDATA[        621] =  147461
Error: result_data[        622] =  127122, PRDATA[        622] =  123872
Error: result_data[        623] =  139717, PRDATA[        623] =  119883
Error: result_data[        624] =  172261, PRDATA[        624] =  114308
Error: result_data[        625] =  153931, PRDATA[        625] =  110433
Error: result_data[        626] =  178807, PRDATA[        626] =  156525
Error: result_data[        627] =  166340, PRDATA[        627] =  149285
Error: result_data[        628] =  176116, PRDATA[        628] =  186530
Error: result_data[        629] =  117957, PRDATA[        629] =  115511
Error: result_data[        630] =  147486, PRDATA[        630] =  124982
Error: result_data[        631] =  126825, PRDATA[        631] =  133587
Error: result_data[        632] =  207992, PRDATA[        632] =   91737
Error: result_data[        633] =  146917, PRDATA[        633] =  128707
Error: result_data[        634] =  143071, PRDATA[        634] =  106644
Error: result_data[        635] =  108602, PRDATA[        635] =  136303
Error: result_data[        636] =  117158, PRDATA[        636] =  125035
Error: result_data[        637] =  158529, PRDATA[        637] =  141981
Error: result_data[        638] =  110527, PRDATA[        638] =  106335
Error: result_data[        639] =  126695, PRDATA[        639] =   75557
Error: result_data[        640] =  112664, PRDATA[        640] =  124878
Error: result_data[        641] =   93311, PRDATA[        641] =   99929
Error: result_data[        642] =  118638, PRDATA[        642] =  163879
Error: result_data[        643] =   90390, PRDATA[        643] =  116625
Error: result_data[        644] =  138270, PRDATA[        644] =  166586
Error: result_data[        645] =   67633, PRDATA[        645] =   46221
Error: result_data[        646] =   97804, PRDATA[        646] =   72622
Error: result_data[        647] =  147198, PRDATA[        647] =  131619
Error: result_data[        648] =  138737, PRDATA[        648] =  117243
Error: result_data[        649] =  130915, PRDATA[        649] =  101750
Error: result_data[        650] =  140435, PRDATA[        650] =   95306
Error: result_data[        651] =  142335, PRDATA[        651] =  140854
Error: result_data[        652] =  159072, PRDATA[        652] =  124386
Error: result_data[        653] =  132602, PRDATA[        653] =  105119
Error: result_data[        654] =  186269, PRDATA[        654] =  136012
Error: result_data[        655] =  172462, PRDATA[        655] =  141160
Error: result_data[        656] =  182239, PRDATA[        656] =  173721
Error: result_data[        657] =  143042, PRDATA[        657] =  117597
Error: result_data[        658] =  148392, PRDATA[        658] =  106301
Error: result_data[        659] =  136571, PRDATA[        659] =  117783
Error: result_data[        660] =  208509, PRDATA[        660] =  113273
Error: result_data[        661] =  169885, PRDATA[        661] =  105668
Error: result_data[        662] =  143531, PRDATA[        662] =  157570
Error: result_data[        663] =  140159, PRDATA[        663] =  142264
Error: result_data[        664] =  103627, PRDATA[        664] =  144082
Error: result_data[        665] =  155772, PRDATA[        665] =  131499
Error: result_data[        666] =  117280, PRDATA[        666] =  123768
Error: result_data[        667] =  133488, PRDATA[        667] =  125487
Error: result_data[        668] =  133641, PRDATA[        668] =  108706
Error: result_data[        669] =  101164, PRDATA[        669] =  139815
Error: result_data[        670] =  174957, PRDATA[        670] =  210785
Error: result_data[        671] =  101575, PRDATA[        671] =  100530
Error: result_data[        672] =  142031, PRDATA[        672] =  104146
Error: result_data[        673] =   73564, PRDATA[        673] =   26214
Error: result_data[        674] =   89287, PRDATA[        674] =   88118
Error: result_data[        675] =  175202, PRDATA[        675] =  111643
Error: result_data[        676] =  148945, PRDATA[        676] =   91936
Error: result_data[        677] =  142217, PRDATA[        677] =   94140
Error: result_data[        678] =  120970, PRDATA[        678] =  109536
Error: result_data[        679] =  123351, PRDATA[        679] =   90202
Error: result_data[        680] =  133145, PRDATA[        680] =   79243
Error: result_data[        681] =  162274, PRDATA[        681] =   92476
Error: result_data[        682] =  180714, PRDATA[        682] =  143944
Error: result_data[        683] =  200534, PRDATA[        683] =  103157
Error: result_data[        684] =  174429, PRDATA[        684] =  159601
Error: result_data[        685] =  134997, PRDATA[        685] =  118791
Error: result_data[        686] =  162838, PRDATA[        686] =  120440
Error: result_data[        687] =  158698, PRDATA[        687] =  125713
Error: result_data[        688] =  213265, PRDATA[        688] =  123535
Error: result_data[        689] =  170698, PRDATA[        689] =  102580
Error: result_data[        690] =  138458, PRDATA[        690] =  126928
Error: result_data[        691] =  119835, PRDATA[        691] =  145668
Error: result_data[        692] =   79523, PRDATA[        692] =  146623
Error: result_data[        693] =  169166, PRDATA[        693] =  180096
Error: result_data[        694] =  141611, PRDATA[        694] =   95014
Error: result_data[        695] =  163370, PRDATA[        695] =  128836
Error: result_data[        696] =  142050, PRDATA[        696] =  153418
Error: result_data[        697] =  130929, PRDATA[        697] =  134796
Error: result_data[        698] =  176403, PRDATA[        698] =  183924
Error: result_data[        699] =  156107, PRDATA[        699] =  117286
Error: result_data[        700] =  155668, PRDATA[        700] =  113358
Error: result_data[        701] =   74443, PRDATA[        701] =   44108
Error: result_data[        702] =  100213, PRDATA[        702] =   48739
Error: result_data[        703] =  198643, PRDATA[        703] =   63113
Error: result_data[        704] =  152493, PRDATA[        704] =  100732
Error: result_data[        705] =  170427, PRDATA[        705] =   81953
Error: result_data[        706] =  137337, PRDATA[        706] =   88370
Error: result_data[        707] =  137312, PRDATA[        707] =   96943
Error: result_data[        708] =  146822, PRDATA[        708] =   94794
Error: result_data[        709] =  169565, PRDATA[        709] =  102596
Error: result_data[        710] =  153192, PRDATA[        710] =   92683
Error: result_data[        711] =  187287, PRDATA[        711] =  119326
Error: result_data[        712] =  161525, PRDATA[        712] =  101375
Error: result_data[        713] =  156650, PRDATA[        713] =  127169
Error: result_data[        714] =  138444, PRDATA[        714] =  169705
Error: result_data[        715] =  156258, PRDATA[        715] =  164179
Error: result_data[        716] =  178695, PRDATA[        716] =  152929
Error: result_data[        717] =  163868, PRDATA[        717] =  141329
Error: result_data[        718] =  134898, PRDATA[        718] =  143928
Error: result_data[        719] =  117608, PRDATA[        719] =  121470
Error: result_data[        720] =  110021, PRDATA[        720] =  137969
Error: result_data[        721] =  178737, PRDATA[        721] =  109993
Error: result_data[        722] =  172011, PRDATA[        722] =  134433
Error: result_data[        723] =  182974, PRDATA[        723] =   85461
Error: result_data[        724] =  183523, PRDATA[        724] =  106896
Error: result_data[        725] =  150744, PRDATA[        725] =  157687
Error: result_data[        726] =  191910, PRDATA[        726] =  175968
Error: result_data[        727] =  189787, PRDATA[        727] =  142536
Error: result_data[        728] =  169953, PRDATA[        728] =   95587
Error: result_data[        729] =   87497, PRDATA[        729] =   26521
Error: result_data[        730] =   81586, PRDATA[        730] =   68753
Error: result_data[        731] =  150109, PRDATA[        731] =   45210
Error: result_data[        732] =  128521, PRDATA[        732] =  121702
Error: result_data[        733] =  141376, PRDATA[        733] =   99745
Error: result_data[        734] =  101324, PRDATA[        734] =  101055
Error: result_data[        735] =  120922, PRDATA[        735] =   91375
Error: result_data[        736] =  147369, PRDATA[        736] =  117630
Error: result_data[        737] =  165980, PRDATA[        737] =  101284
Error: result_data[        738] =  179894, PRDATA[        738] =  168939
Error: result_data[        739] =  147371, PRDATA[        739] =  136730
Error: result_data[        740] =  159149, PRDATA[        740] =  184525
Error: result_data[        741] =  132013, PRDATA[        741] =  174977
Error: result_data[        742] =  117700, PRDATA[        742] =  167011
Error: result_data[        743] =  126604, PRDATA[        743] =  179087
Error: result_data[        744] =  133123, PRDATA[        744] =  200711
Error: result_data[        745] =  108645, PRDATA[        745] =  132593
Error: result_data[        746] =  119825, PRDATA[        746] =  174099
Error: result_data[        747] =  110541, PRDATA[        747] =  140270
Error: result_data[        748] =  128641, PRDATA[        748] =  120589
Error: result_data[        749] =  162581, PRDATA[        749] =   99717
Error: result_data[        750] =  179941, PRDATA[        750] =  124549
Error: result_data[        751] =  203698, PRDATA[        751] =   83125
Error: result_data[        752] =  146854, PRDATA[        752] =  132754
Error: result_data[        753] =  194373, PRDATA[        753] =  149467
Error: result_data[        754] =  153542, PRDATA[        754] =  134451
Error: result_data[        755] =  197237, PRDATA[        755] =  116427
Error: result_data[        756] =  161417, PRDATA[        756] =   92555
Error: result_data[        757] =  117071, PRDATA[        757] =   28254
Error: result_data[        758] =   41294, PRDATA[        758] =   59402
Error: result_data[        759] =   83335, PRDATA[        759] =   60350
Error: result_data[        760] =   82314, PRDATA[        760] =   69756
Error: result_data[        761] =   83236, PRDATA[        761] =   68536
Error: result_data[        762] =   70213, PRDATA[        762] =  147211
Error: result_data[        763] =   88192, PRDATA[        763] =   59898
Error: result_data[        764] =  115127, PRDATA[        764] =  129846
Error: result_data[        765] =  118882, PRDATA[        765] =  113817
Error: result_data[        766] =  125264, PRDATA[        766] =  132088
Error: result_data[        767] =   97195, PRDATA[        767] =  153562
Error: result_data[        768] =   95679, PRDATA[        768] =  152927
Error: result_data[        769] =   88698, PRDATA[        769] =  125416
Error: result_data[        770] =   78154, PRDATA[        770] =  157136
Error: result_data[        771] =   62712, PRDATA[        771] =   83398
Error: result_data[        772] =   54827, PRDATA[        772] =  107317
Error: result_data[        773] =   61045, PRDATA[        773] =  120665
Error: result_data[        774] =   93646, PRDATA[        774] =   99392
Error: result_data[        775] =   92618, PRDATA[        775] =  107159
Error: result_data[        776] =   92901, PRDATA[        776] =   79940
Error: result_data[        777] =  105249, PRDATA[        777] =   75442
Error: result_data[        778] =  114478, PRDATA[        778] =  122425
Error: result_data[        779] =  121853, PRDATA[        779] =   89438
Error: result_data[        780] =   97850, PRDATA[        780] =  134993
Error: result_data[        781] =  130709, PRDATA[        781] =   98539
Error: result_data[        782] =  103127, PRDATA[        782] =   88981
Error: result_data[        783] =  126736, PRDATA[        783] =   53775
Error: result_data[        784] =  128355, PRDATA[        784] =   40637
APB WRITE successful: Addr=0x00001fff, Data=0x00000000
Time 134445.00 ns: Congratulations!! results are all correct!!
$finish called at time : 134445 ns : File "e:/course/master/ICP/matrix_pul/user/sim/top_tb.v" Line 89
